\BOOKMARK [0][-]{chapter.1}{\376\377\000I\000n\000t\000r\000o\000d\000u\000c\000t\000i\000o\000n}{}% 1
\BOOKMARK [0][-]{chapter.2}{\376\377\000L\000i\000t\000e\000r\000a\000t\000u\000r\000e\000\040\000R\000e\000v\000i\000e\000w}{}% 2
\BOOKMARK [1][-]{section.2.1}{\376\377\000E\000v\000o\000l\000u\000t\000i\000o\000n\000\040\000o\000f\000\040\000R\000e\000s\000t\000a\000u\000r\000a\000n\000t\000\040\000M\000a\000n\000a\000g\000e\000m\000e\000n\000t\000\040\000S\000y\000s\000t\000e\000m\000s}{chapter.2}% 3
\BOOKMARK [1][-]{section.2.2}{\376\377\000D\000i\000g\000i\000t\000a\000l\000\040\000O\000r\000d\000e\000r\000i\000n\000g\000\040\000S\000y\000s\000t\000e\000m\000s}{chapter.2}% 4
\BOOKMARK [1][-]{section.2.3}{\376\377\000C\000u\000s\000t\000o\000m\000e\000r\000\040\000B\000e\000h\000a\000v\000i\000o\000r\000\040\000a\000n\000d\000\040\000T\000e\000c\000h\000n\000o\000l\000o\000g\000y\000\040\000A\000c\000c\000e\000p\000t\000a\000n\000c\000e\000\040\000T\000o\000w\000a\000r\000d\000s\000\040\000D\000i\000g\000i\000t\000a\000l\000i\000s\000a\000t\000i\000o\000n}{chapter.2}% 5
\BOOKMARK [1][-]{section.2.4}{\376\377\000C\000h\000a\000l\000l\000e\000n\000g\000e\000s\000\040\000a\000n\000d\000\040\000S\000o\000l\000u\000t\000i\000o\000n\000s}{chapter.2}% 6
\BOOKMARK [1][-]{section.2.5}{\376\377\000C\000u\000r\000r\000e\000n\000t\000\040\000I\000m\000p\000l\000e\000m\000e\000n\000t\000a\000t\000i\000o\000n\000s}{chapter.2}% 7
\BOOKMARK [1][-]{section.2.6}{\376\377\000R\000e\000s\000e\000a\000r\000c\000h\000\040\000G\000a\000p\000s}{chapter.2}% 8
\BOOKMARK [1][-]{section.2.7}{\376\377\000C\000o\000n\000c\000l\000u\000s\000i\000o\000n}{chapter.2}% 9
\BOOKMARK [0][-]{chapter.3}{\376\377\000M\000e\000t\000h\000o\000d\000o\000l\000o\000g\000y}{}% 10
\BOOKMARK [1][-]{section.3.1}{\376\377\000E\000m\000p\000i\000r\000i\000c\000a\000l\000\040\000E\000x\000p\000l\000o\000r\000a\000t\000i\000o\000n}{chapter.3}% 11
\BOOKMARK [1][-]{section.3.2}{\376\377\000R\000e\000q\000u\000i\000r\000e\000m\000e\000n\000t\000s}{chapter.3}% 12
\BOOKMARK [1][-]{section.3.3}{\376\377\000P\000r\000o\000t\000o\000t\000y\000p\000i\000n\000g}{chapter.3}% 13
\BOOKMARK [0][-]{chapter.4}{\376\377\000I\000m\000p\000l\000e\000m\000e\000n\000t\000a\000t\000i\000o\000n}{}% 14
\BOOKMARK [1][-]{section.4.1}{\376\377\000O\000v\000e\000r\000v\000i\000e\000w}{chapter.4}% 15
\BOOKMARK [1][-]{section.4.2}{\376\377\000S\000y\000s\000t\000e\000m\000\040\000D\000e\000s\000i\000g\000n}{chapter.4}% 16
\BOOKMARK [2][-]{subsection.4.2.1}{\376\377\000B\000a\000c\000k\000e\000n\000d\000\040\000A\000r\000c\000h\000i\000t\000e\000c\000t\000u\000r\000e}{section.4.2}% 17
\BOOKMARK [2][-]{subsection.4.2.2}{\376\377\000F\000r\000o\000n\000t\000e\000n\000d\000\040\000A\000r\000c\000h\000i\000t\000e\000c\000t\000u\000r\000e}{section.4.2}% 18
\BOOKMARK [1][-]{section.4.3}{\376\377\000D\000a\000t\000a\000b\000a\000s\000e\000\040\000A\000r\000c\000h\000i\000t\000e\000c\000t\000u\000r\000e}{chapter.4}% 19
\BOOKMARK [2][-]{subsection.4.3.1}{\376\377\000P\000l\000a\000c\000e}{section.4.3}% 20
\BOOKMARK [2][-]{subsection.4.3.2}{\376\377\000C\000a\000t\000e\000g\000o\000r\000y}{section.4.3}% 21
\BOOKMARK [2][-]{subsection.4.3.3}{\376\377\000M\000e\000n\000u\000I\000t\000e\000m}{section.4.3}% 22
\BOOKMARK [2][-]{subsection.4.3.4}{\376\377\000T\000a\000g}{section.4.3}% 23
\BOOKMARK [2][-]{subsection.4.3.5}{\376\377\000U\000s\000e\000r\000S\000e\000s\000s\000i\000o\000n}{section.4.3}% 24
\BOOKMARK [2][-]{subsection.4.3.6}{\376\377\000O\000r\000d\000e\000r}{section.4.3}% 25
\BOOKMARK [2][-]{subsection.4.3.7}{\376\377\000O\000r\000d\000e\000r\000I\000t\000e\000m}{section.4.3}% 26
\BOOKMARK [2][-]{subsection.4.3.8}{\376\377\000I\000n\000v\000o\000i\000c\000e}{section.4.3}% 27
\BOOKMARK [2][-]{subsection.4.3.9}{\376\377\000U\000s\000e\000r\000P\000r\000o\000f\000i\000l\000e}{section.4.3}% 28
\BOOKMARK [2][-]{subsection.4.3.10}{\376\377\000U\000s\000e\000r\000T\000a\000g\000C\000o\000u\000n\000t}{section.4.3}% 29
\BOOKMARK [1][-]{section.4.4}{\376\377\000D\000i\000g\000i\000t\000a\000l\000\040\000M\000e\000n\000u\000\040\000I\000m\000p\000l\000e\000m\000e\000n\000t\000a\000t\000i\000o\000n}{chapter.4}% 30
\BOOKMARK [2][-]{subsection.4.4.1}{\376\377\000M\000e\000n\000u\000\040\000D\000i\000s\000p\000l\000a\000y}{section.4.4}% 31
\BOOKMARK [2][-]{subsection.4.4.2}{\376\377\000O\000r\000d\000e\000r\000\040\000P\000l\000a\000c\000e\000m\000e\000n\000t}{section.4.4}% 32
\BOOKMARK [2][-]{subsection.4.4.3}{\376\377\000P\000e\000r\000s\000o\000n\000a\000l\000i\000z\000e\000d\000\040\000R\000e\000c\000o\000m\000m\000e\000n\000d\000a\000t\000i\000o\000n\000s}{section.4.4}% 33
\BOOKMARK [1][-]{section.4.5}{\376\377\000R\000e\000c\000o\000m\000m\000e\000n\000d\000a\000t\000i\000o\000n\000\040\000A\000l\000g\000o\000r\000i\000t\000h\000m}{chapter.4}% 34
\BOOKMARK [2][-]{subsection.4.5.1}{\376\377\000P\000o\000s\000s\000i\000b\000l\000e\000\040\000I\000m\000p\000l\000e\000m\000e\000n\000t\000a\000t\000i\000o\000n\000s}{section.4.5}% 35
\BOOKMARK [2][-]{subsection.4.5.2}{\376\377\000U\000s\000e\000r\000\040\000P\000r\000e\000f\000e\000r\000e\000n\000c\000e\000s\000\040\000a\000n\000d\000\040\000O\000r\000d\000e\000r\000\040\000H\000i\000s\000t\000o\000r\000y\000\040\000A\000n\000a\000l\000y\000s\000i\000s}{section.4.5}% 36
\BOOKMARK [2][-]{subsection.4.5.3}{\376\377\000T\000a\000g\000-\000B\000a\000s\000e\000d\000\040\000R\000e\000c\000o\000m\000m\000e\000n\000d\000a\000t\000i\000o\000n\000s}{section.4.5}% 37
\BOOKMARK [2][-]{subsection.4.5.4}{\376\377\000P\000r\000i\000c\000e\000\040\000S\000e\000n\000s\000i\000t\000i\000v\000i\000t\000y}{section.4.5}% 38
\BOOKMARK [2][-]{subsection.4.5.5}{\376\377\000P\000e\000r\000s\000o\000n\000a\000l\000i\000z\000e\000d\000\040\000R\000e\000c\000o\000m\000m\000e\000n\000d\000a\000t\000i\000o\000n\000s}{section.4.5}% 39
\BOOKMARK [2][-]{subsection.4.5.6}{\376\377\000C\000o\000m\000b\000i\000n\000i\000n\000g\000\040\000R\000e\000c\000o\000m\000m\000e\000n\000d\000a\000t\000i\000o\000n\000s\000\040\000f\000o\000r\000\040\000C\000o\000m\000b\000o\000\040\000M\000e\000a\000l\000s}{section.4.5}% 40
\BOOKMARK [2][-]{subsection.4.5.7}{\376\377\000E\000x\000a\000m\000p\000l\000e\000\040\000U\000s\000a\000g\000e}{section.4.5}% 41
\BOOKMARK [1][-]{section.4.6}{\376\377\000F\000l\000e\000x\000i\000b\000l\000e\000\040\000B\000i\000l\000l\000\040\000S\000h\000a\000r\000i\000n\000g}{chapter.4}% 42
\BOOKMARK [2][-]{subsection.4.6.1}{\376\377\000D\000e\000s\000i\000g\000n\000\040\000C\000o\000n\000s\000i\000d\000e\000r\000a\000t\000i\000o\000n\000s}{section.4.6}% 43
\BOOKMARK [2][-]{subsection.4.6.2}{\376\377\000I\000m\000p\000l\000e\000m\000e\000n\000t\000a\000t\000i\000o\000n}{section.4.6}% 44
\BOOKMARK [1][-]{section.4.7}{\376\377\000A\000d\000m\000i\000n\000\040\000P\000a\000n\000e\000l}{chapter.4}% 45
\BOOKMARK [2][-]{subsection.4.7.1}{\376\377\000F\000e\000a\000t\000u\000r\000e\000s}{section.4.7}% 46
\BOOKMARK [1][-]{section.4.8}{\376\377\000K\000i\000t\000c\000h\000e\000n\000\040\000D\000i\000s\000p\000l\000a\000y\000\040\000S\000y\000s\000t\000e\000m}{chapter.4}% 47
\BOOKMARK [2][-]{subsection.4.8.1}{\376\377\000F\000e\000a\000t\000u\000r\000e\000s}{section.4.8}% 48
\BOOKMARK [1][-]{section.4.9}{\376\377\000F\000l\000o\000o\000r\000\040\000S\000t\000a\000f\000f\000\040\000D\000i\000s\000p\000l\000a\000y}{chapter.4}% 49
\BOOKMARK [2][-]{subsection.4.9.1}{\376\377\000F\000e\000a\000t\000u\000r\000e\000s}{section.4.9}% 50
\BOOKMARK [1][-]{section.4.10}{\376\377\000M\000e\000n\000u\000\040\000M\000a\000n\000a\000g\000e\000m\000e\000n\000t}{chapter.4}% 51
\BOOKMARK [2][-]{subsection.4.10.1}{\376\377\000F\000e\000a\000t\000u\000r\000e\000s}{section.4.10}% 52
\BOOKMARK [0][-]{chapter.5}{\376\377\000P\000r\000o\000j\000e\000c\000t\000\040\000M\000a\000n\000a\000g\000e\000m\000e\000n\000t}{}% 53
\BOOKMARK [0][-]{chapter.6}{\376\377\000E\000v\000a\000l\000u\000a\000t\000i\000o\000n}{}% 54
\BOOKMARK [1][-]{section.6.1}{\376\377\000T\000e\000c\000h\000n\000i\000c\000a\000l\000\040\000E\000v\000a\000l\000u\000a\000t\000i\000o\000n}{chapter.6}% 55
\BOOKMARK [2][-]{subsection.6.1.1}{\376\377\000A\000P\000I\000\040\000T\000e\000s\000t\000i\000n\000g}{section.6.1}% 56
\BOOKMARK [2][-]{subsection.6.1.2}{\376\377\000P\000O\000S\000T\000\040\000R\000e\000q\000u\000e\000s\000t\000\040\000T\000e\000s\000t\000i\000n\000g}{section.6.1}% 57
\BOOKMARK [0][-]{chapter.7}{\376\377\000D\000i\000s\000c\000u\000s\000s\000i\000o\000n}{}% 58
\BOOKMARK [0][-]{chapter.8}{\376\377\000C\000o\000n\000c\000l\000u\000s\000i\000o\000n}{}% 59
\BOOKMARK [0][-]{chapter.9}{\376\377\000A\000p\000p\000e\000n\000d\000i\000x}{}% 60
